<?xml version="1.0" encoding="UTF-8"?>
<testng-results ignored="0" total="1" passed="1" failed="0" skipped="0">
  <reporter-output>
  </reporter-output>
  <suite started-at="2023-05-04T22:53:46 GMT-04:00" name="Default suite" finished-at="2023-05-04T22:53:57 GMT-04:00" duration-ms="10917">
    <groups>
    </groups>
    <test started-at="2023-05-04T22:53:46 GMT-04:00" name="Default test" finished-at="2023-05-04T22:53:57 GMT-04:00" duration-ms="10917">
      <class name="TestCases.VerifySignUpPage">
        <test-method is-config="true" signature="launchBrowser()[pri:0, instance:TestCases.VerifySignUpPage@708f5957]" started-at="2023-05-04T22:53:46 GMT-04:00" name="launchBrowser" finished-at="2023-05-04T22:53:51 GMT-04:00" duration-ms="4950" status="PASS">
          <reporter-output>
          </reporter-output>
        </test-method> <!-- launchBrowser -->
        <test-method signature="signup()[pri:0, instance:TestCases.VerifySignUpPage@708f5957]" started-at="2023-05-04T22:53:51 GMT-04:00" name="signup" finished-at="2023-05-04T22:53:57 GMT-04:00" duration-ms="5714" status="PASS">
          <reporter-output>
          </reporter-output>
        </test-method> <!-- signup -->
        <test-method is-config="true" signature="quitBrowser()[pri:0, instance:TestCases.VerifySignUpPage@708f5957]" started-at="2023-05-04T22:53:57 GMT-04:00" name="quitBrowser" finished-at="2023-05-04T22:53:57 GMT-04:00" duration-ms="226" status="PASS">
          <reporter-output>
          </reporter-output>
        </test-method> <!-- quitBrowser -->
      </class> <!-- TestCases.VerifySignUpPage -->
    </test> <!-- Default test -->
  </suite> <!-- Default suite -->
</testng-results>
